<?xml version="1.0" encoding="UTF-8" ?>
<testsuite failures="0" time="0.054" errors="0" skipped="0" tests="8" name="dao.TestUtilisateurDAO">
  <properties>
    <property name="java.runtime.name" value="Java(TM) SE Runtime Environment"/>
    <property name="sun.boot.library.path" value="C:\Program Files\Java\jdk1.7.0_11\jre\bin"/>
    <property name="java.vm.version" value="23.6-b04"/>
    <property name="java.vm.vendor" value="Oracle Corporation"/>
    <property name="java.vendor.url" value="http://java.oracle.com/"/>
    <property name="path.separator" value=";"/>
    <property name="guice.disable.misplaced.annotation.check" value="true"/>
    <property name="java.vm.name" value="Java HotSpot(TM) Client VM"/>
    <property name="file.encoding.pkg" value="sun.io"/>
    <property name="user.script" value=""/>
    <property name="user.country" value="FR"/>
    <property name="sun.java.launcher" value="SUN_STANDARD"/>
    <property name="sun.os.patch.level" value="Service Pack 1"/>
    <property name="java.vm.specification.name" value="Java Virtual Machine Specification"/>
    <property name="user.dir" value="E:\GitHub\ELICO\commun"/>
    <property name="java.runtime.version" value="1.7.0_11-b21"/>
    <property name="java.awt.graphicsenv" value="sun.awt.Win32GraphicsEnvironment"/>
    <property name="java.endorsed.dirs" value="C:\Program Files\Java\jdk1.7.0_11\jre\lib\endorsed"/>
    <property name="os.arch" value="x86"/>
    <property name="java.io.tmpdir" value="C:\Users\etienne3\AppData\Local\Temp\"/>
    <property name="line.separator" value="
"/>
    <property name="java.vm.specification.vendor" value="Oracle Corporation"/>
    <property name="user.variant" value=""/>
    <property name="os.name" value="Windows 7"/>
    <property name="classworlds.conf" value="E:\workspace\.metadata\.plugins\org.eclipse.m2e.core\launches\m2conf3591251099811203505.tmp"/>
    <property name="sun.jnu.encoding" value="Cp1252"/>
    <property name="java.library.path" value="C:\Program Files\Java\jdk1.7.0_11\bin;C:\Windows\Sun\Java\bin;C:\Windows\system32;C:\Windows;C:/Program Files/Java/jdk1.7.0_11/bin/../jre/bin/client;C:/Program Files/Java/jdk1.7.0_11/bin/../jre/bin;C:/Program Files/Java/jdk1.7.0_11/bin/../jre/lib/i386;C:\Windows\system32;C:\Windows;C:\Windows\System32\Wbem;C:\Windows\System32\WindowsPowerShell\v1.0\;%JAVA_HOME%;C:\Program Files\Microsoft SQL Server\100\Tools\Binn\;C:\Program Files\Microsoft SQL Server\100\DTS\Binn\;C:\Program Files\Java\jdk1.7.0_11\bin;E:\eclipse;;."/>
    <property name="java.specification.name" value="Java Platform API Specification"/>
    <property name="java.class.version" value="51.0"/>
    <property name="sun.management.compiler" value="HotSpot Client Compiler"/>
    <property name="os.version" value="6.1"/>
    <property name="user.home" value="C:\Users\etienne3"/>
    <property name="user.timezone" value="Europe/Paris"/>
    <property name="java.awt.printerjob" value="sun.awt.windows.WPrinterJob"/>
    <property name="java.specification.version" value="1.7"/>
    <property name="file.encoding" value="UTF-8"/>
    <property name="user.name" value="etienne3"/>
    <property name="java.class.path" value="/E:/eclipse/configuration/org.eclipse.osgi/bundles/810/1/.cp/jars/plexus-classworlds-2.4.jar"/>
    <property name="java.vm.specification.version" value="1.7"/>
    <property name="sun.arch.data.model" value="32"/>
    <property name="java.home" value="C:\Program Files\Java\jdk1.7.0_11\jre"/>
    <property name="sun.java.command" value="org.codehaus.plexus.classworlds.launcher.Launcher -B install"/>
    <property name="java.specification.vendor" value="Oracle Corporation"/>
    <property name="user.language" value="fr"/>
    <property name="awt.toolkit" value="sun.awt.windows.WToolkit"/>
    <property name="java.vm.info" value="mixed mode, sharing"/>
    <property name="java.version" value="1.7.0_11"/>
    <property name="java.ext.dirs" value="C:\Program Files\Java\jdk1.7.0_11\jre\lib\ext;C:\Windows\Sun\Java\lib\ext"/>
    <property name="sun.boot.class.path" value="C:\Program Files\Java\jdk1.7.0_11\jre\lib\resources.jar;C:\Program Files\Java\jdk1.7.0_11\jre\lib\rt.jar;C:\Program Files\Java\jdk1.7.0_11\jre\lib\sunrsasign.jar;C:\Program Files\Java\jdk1.7.0_11\jre\lib\jsse.jar;C:\Program Files\Java\jdk1.7.0_11\jre\lib\jce.jar;C:\Program Files\Java\jdk1.7.0_11\jre\lib\charsets.jar;C:\Program Files\Java\jdk1.7.0_11\jre\lib\jfr.jar;C:\Program Files\Java\jdk1.7.0_11\jre\classes"/>
    <property name="java.vendor" value="Oracle Corporation"/>
    <property name="maven.home" value="E:\GitHub\ELICO\commun\EMBEDDED"/>
    <property name="file.separator" value="\"/>
    <property name="java.vendor.url.bug" value="http://bugreport.sun.com/bugreport/"/>
    <property name="sun.cpu.endian" value="little"/>
    <property name="sun.io.unicode.encoding" value="UnicodeLittle"/>
    <property name="sun.desktop" value="windows"/>
    <property name="sun.cpu.isalist" value="pentium_pro+mmx pentium_pro pentium+mmx pentium i486 i386 i86"/>
  </properties>
  <testcase time="0.009" classname="dao.TestUtilisateurDAO" name="testFindById"/>
  <testcase time="0.004" classname="dao.TestUtilisateurDAO" name="testUpdate"/>
  <testcase time="0.005" classname="dao.TestUtilisateurDAO" name="testCreate"/>
  <testcase time="0.03" classname="dao.TestUtilisateurDAO" name="testDelete"/>
  <testcase time="0" classname="dao.TestUtilisateurDAO" name="testFindByUtilisateur"/>
  <testcase time="0" classname="dao.TestUtilisateurDAO" name="testFindByUtilisateurMult"/>
  <testcase time="0" classname="dao.TestUtilisateurDAO" name="testFindAll"/>
  <testcase time="0.005" classname="dao.TestUtilisateurDAO" name="testCountAll"/>
</testsuite>